TN:
SF:components\ExternalLink.js
FN:5,ExternalLink
FN:13,(anonymous_1)
FNF:2
FNH:1
FNDA:1,ExternalLink
FNDA:0,(anonymous_1)
DA:13,1
DA:14,0
DA:17,1
LF:3
LH:2
BRF:0
BRH:0
end_of_record
TN:
SF:components\Footer.js
FN:8,Footer
FNF:1
FNH:1
FNDA:2,Footer
DA:9,2
LF:1
LH:1
BRF:0
BRH:0
end_of_record
TN:
SF:components\Header.js
FN:4,Header
FNF:1
FNH:1
FNDA:1,Header
DA:5,1
LF:1
LH:1
BRF:0
BRH:0
end_of_record
TN:
SF:components\Navigation.js
FN:5,Navigation
FN:168,(anonymous_1)
FN:182,(anonymous_2)
FNF:3
FNH:1
FNDA:6,Navigation
FNDA:0,(anonymous_1)
FNDA:0,(anonymous_2)
DA:6,6
DA:169,0
DA:183,0
LF:3
LH:1
BRF:0
BRH:0
end_of_record
TN:
SF:components\VenueButton.js
FN:3,VenueButton
FNF:1
FNH:1
FNDA:1,VenueButton
DA:4,1
LF:1
LH:1
BRF:0
BRH:0
end_of_record
TN:
SF:components\information\BackToAboutButton.js
FN:3,BackToAboutButton
FNF:1
FNH:1
FNDA:1,BackToAboutButton
DA:4,1
LF:1
LH:1
BRF:0
BRH:0
end_of_record
TN:
SF:components\speakers\PastSpeakersButton.js
FN:3,PastSpeakersButton
FNF:1
FNH:1
FNDA:1,PastSpeakersButton
DA:4,1
LF:1
LH:1
BRF:0
BRH:0
end_of_record
TN:
SF:components\speakers\SpeakersButton.js
FN:3,SpeakersButton
FNF:1
FNH:1
FNDA:1,SpeakersButton
DA:4,1
LF:1
LH:1
BRF:0
BRH:0
end_of_record
TN:
SF:utils\analytics.js
FN:3,(anonymous_0)
FN:7,(anonymous_1)
FN:12,(anonymous_2)
FN:18,(anonymous_3)
FNF:4
FNH:0
FNDA:0,(anonymous_0)
FNDA:0,(anonymous_1)
FNDA:0,(anonymous_2)
FNDA:0,(anonymous_3)
DA:3,2
DA:4,0
DA:7,2
DA:8,0
DA:9,0
DA:12,2
DA:13,0
DA:14,0
DA:18,2
DA:19,0
DA:20,0
LF:11
LH:4
BRDA:12,0,0,0
BRDA:12,1,0,0
BRDA:13,2,0,0
BRDA:13,2,1,0
BRDA:13,3,0,0
BRDA:13,3,1,0
BRDA:18,4,0,0
BRDA:18,5,0,0
BRDA:19,6,0,0
BRDA:19,6,1,0
BRF:10
BRH:0
end_of_record
